<?xml version="1.0" encoding="utf-8"?><testsuites><testsuite errors="0" failures="0" hostname="ZHOXIE-M-C89N" name="pytest" skipped="0" tests="158" time="64.684" timestamp="2021-11-08T14:15:34.955595"><testcase classname="tests.unit.test_airflow" name="test_airflow_provider_info" time="0.010" /><testcase classname="tests.unit.test_airflow" name="test_dags_load_with_no_errors" time="0.113" /><testcase classname="tests.unit.test_airflow" name="test_datahub_rest_hook" time="0.015" /><testcase classname="tests.unit.test_airflow" name="test_datahub_rest_hook_with_timeout" time="0.017" /><testcase classname="tests.unit.test_airflow" name="test_datahub_kafka_hook" time="0.014" /><testcase classname="tests.unit.test_airflow" name="test_datahub_lineage_operator" time="0.004" /><testcase classname="tests.unit.test_airflow" name="test_hook_airflow_ui[DatahubRestHook]" time="0.002" /><testcase classname="tests.unit.test_airflow" name="test_hook_airflow_ui[DatahubKafkaHook]" time="0.002" /><testcase classname="tests.unit.test_airflow" name="test_lineage_backend[airflow-1-10-lineage-syntax]" time="0.060" /><testcase classname="tests.unit.test_airflow" name="test_lineage_backend[airflow-2-lineage-syntax]" time="0.032" /><testcase classname="tests.unit.test_allow_deny" name="test_allow_all" time="0.001" /><testcase classname="tests.unit.test_allow_deny" name="test_deny_all" time="0.001" /><testcase classname="tests.unit.test_allow_deny" name="test_single_table" time="0.002" /><testcase classname="tests.unit.test_allow_deny" name="test_default_deny" time="0.002" /><testcase classname="tests.unit.test_allow_deny" name="test_fully_speced" time="0.002" /><testcase classname="tests.unit.test_allow_deny" name="test_is_allowed" time="0.001" /><testcase classname="tests.unit.test_allow_deny" name="test_case_sensitivity" time="0.002" /><testcase classname="tests.unit.test_apis" name="test_sources_not_abstract" time="0.002" /><testcase classname="tests.unit.test_apis" name="test_sinks_not_abstract" time="0.001" /><testcase classname="tests.unit.test_check" name="test_cli_help" time="0.004" /><testcase classname="tests.unit.test_check" name="test_cli_version" time="0.003" /><testcase classname="tests.unit.test_check" name="test_check_local_docker" time="0.004" /><testcase classname="tests.unit.test_cli_utils" name="test_first_non_null" time="0.001" /><testcase classname="tests.unit.test_config_clean" name="test_url_without_slash_suffix" time="0.001" /><testcase classname="tests.unit.test_config_clean" name="test_url_with_suffix" time="0.001" /><testcase classname="tests.unit.test_config_clean" name="test_url_with_multiple_slashes" time="0.001" /><testcase classname="tests.unit.test_glue_source" name="test_get_column_type_contains_key" time="4.604" /><testcase classname="tests.unit.test_glue_source" name="test_get_column_type_contains_array" time="4.577" /><testcase classname="tests.unit.test_glue_source" name="test_get_column_type_contains_map" time="4.398" /><testcase classname="tests.unit.test_glue_source" name="test_get_column_type_contains_set" time="4.394" /><testcase classname="tests.unit.test_glue_source" name="test_get_column_type_not_contained" time="4.647" /><testcase classname="tests.unit.test_glue_source" name="test_glue_ingest" time="4.925" /><testcase classname="tests.unit.test_glue_source" name="test_underlying_platform_takes_precendence" time="4.330" /><testcase classname="tests.unit.test_glue_source" name="test_underlying_platform_cannot_be_other_than_athena" time="4.287" /><testcase classname="tests.unit.test_glue_source" name="test_without_underlying_platform" time="5.172" /><testcase classname="tests.unit.test_kafka_emitter.KafkaEmitterTest" name="test_kafka_emitter_config" time="0.001" /><testcase classname="tests.unit.test_kafka_emitter.KafkaEmitterTest" name="test_kafka_emitter_config_old_and_new" time="0.002" /><testcase classname="tests.unit.test_kafka_emitter.KafkaEmitterTest" name="test_kafka_emitter_config_topic_upgrade" time="0.002" /><testcase classname="tests.unit.test_kafka_sink.KafkaSinkTest" name="test_kafka_callback_class" time="0.011" /><testcase classname="tests.unit.test_kafka_sink.KafkaSinkTest" name="test_kafka_sink_close" time="0.015" /><testcase classname="tests.unit.test_kafka_sink.KafkaSinkTest" name="test_kafka_sink_config" time="0.012" /><testcase classname="tests.unit.test_kafka_sink.KafkaSinkTest" name="test_kafka_sink_mcp" time="0.016" /><testcase classname="tests.unit.test_kafka_sink.KafkaSinkTest" name="test_kafka_sink_write" time="0.018" /><testcase classname="tests.unit.test_kafka_source.KafkaSourceTest" name="test_close" time="0.005" /><testcase classname="tests.unit.test_kafka_source.KafkaSourceTest" name="test_kafka_source_configuration" time="0.008" /><testcase classname="tests.unit.test_kafka_source.KafkaSourceTest" name="test_kafka_source_workunits_topic_pattern" time="0.167" /><testcase classname="tests.unit.test_kafka_source.KafkaSourceTest" name="test_kafka_source_workunits_wildcard_topic" time="0.034" /><testcase classname="tests.unit.test_mariadb_source" name="test_platform_correctly_set_mariadb" time="0.001" /><testcase classname="tests.unit.test_mariadb_source" name="test_platform_correctly_set_mysql" time="0.001" /><testcase classname="tests.unit.test_mce_builder" name="test_can_add_aspect" time="0.001" /><testcase classname="tests.unit.test_mce_helpers" name="test_basic_diff_same" time="0.006" /><testcase classname="tests.unit.test_mce_helpers" name="test_basic_diff_only_owner_change" time="0.021" /><testcase classname="tests.unit.test_mce_helpers" name="test_basic_diff_owner_change" time="0.016" /><testcase classname="tests.unit.test_oracle_source" name="test_oracle_config" time="0.003" /><testcase classname="tests.unit.test_packaging" name="test_datahub_version" time="0.002" /><testcase classname="tests.unit.test_pipeline.PipelineTest" name="test_configure" time="0.130" /><testcase classname="tests.unit.test_pipeline.PipelineTest" name="test_run_including_fake_transformation" time="0.046" /><testcase classname="tests.unit.test_pipeline.PipelineTest" name="test_run_including_registered_transformation" time="0.045" /><testcase classname="tests.unit.test_plugin_system" name="test_registry_nonempty[registry0]" time="0.001" /><testcase classname="tests.unit.test_plugin_system" name="test_registry_nonempty[registry1]" time="0.001" /><testcase classname="tests.unit.test_plugin_system" name="test_registry_nonempty[registry2]" time="0.001" /><testcase classname="tests.unit.test_plugin_system" name="test_registry_nonempty[registry3]" time="0.001" /><testcase classname="tests.unit.test_plugin_system" name="test_list_all[False]" time="0.183" /><testcase classname="tests.unit.test_plugin_system" name="test_list_all[True]" time="0.003" /><testcase classname="tests.unit.test_plugin_system" name="test_registry" time="0.003" /><testcase classname="tests.unit.test_postgres_source" name="test_database_alias_takes_precendence" time="0.001" /><testcase classname="tests.unit.test_postgres_source" name="test_database_in_identifier" time="0.001" /><testcase classname="tests.unit.test_redash_source" name="test_get_dashboard_snapshot" time="0.002" /><testcase classname="tests.unit.test_redash_source" name="test_get_known_viz_chart_snapshot" time="0.003" /><testcase classname="tests.unit.test_redash_source" name="test_get_unknown_viz_chart_snapshot" time="0.002" /><testcase classname="tests.unit.test_redash_source" name="test_get_full_qualified_name" time="0.001" /><testcase classname="tests.unit.test_redash_source" name="test_get_chart_snapshot_parse_table_names_from_sql" time="0.012" /><testcase classname="tests.unit.test_rest_emitter" name="test_datahub_rest_emitter_construction" time="0.001" /><testcase classname="tests.unit.test_rest_emitter" name="test_datahub_rest_emitter_timeout_construction" time="0.001" /><testcase classname="tests.unit.test_rest_emitter" name="test_datahub_rest_emitter_extra_params" time="0.001" /><testcase classname="tests.unit.test_rest_sink" name="test_datahub_rest_emitter[record0-/entities?action=ingest-snapshot0]" time="0.070" /><testcase classname="tests.unit.test_rest_sink" name="test_datahub_rest_emitter[record1-/entities?action=ingest-snapshot1]" time="0.012" /><testcase classname="tests.unit.test_rest_sink" name="test_datahub_rest_emitter[record2-/entities?action=ingest-snapshot2]" time="0.012" /><testcase classname="tests.unit.test_rest_sink" name="test_datahub_rest_emitter[record3-/entities?action=ingest-snapshot3]" time="0.012" /><testcase classname="tests.unit.test_rest_sink" name="test_datahub_rest_emitter[record4-/usageStats?action=batchIngest-snapshot4]" time="0.013" /><testcase classname="tests.unit.test_rest_sink" name="test_datahub_rest_emitter[record5-/aspects?action=ingestProposal-snapshot5]" time="0.012" /><testcase classname="tests.unit.test_schema_util" name="test_avro_schema_to_mce_fields_events_with_nullable_fields[optional_field_via_union_type]" time="0.002" /><testcase classname="tests.unit.test_schema_util" name="test_avro_schema_to_mce_fields_events_with_nullable_fields[optional_field_via_union_null_not_first]" time="0.001" /><testcase classname="tests.unit.test_schema_util" name="test_avro_schema_to_mce_fields_events_with_nullable_fields[optional_field_via_primitive]" time="0.001" /><testcase classname="tests.unit.test_schema_util" name="test_avro_schema_to_mce_fields_sample_events_with_different_field_types" time="0.001" /><testcase classname="tests.unit.test_schema_util" name="test_avro_schema_to_mce_fields_record_with_two_fields" time="0.001" /><testcase classname="tests.unit.test_schema_util" name="test_avro_schema_to_mce_fields_toplevel_isnt_a_record" time="0.001" /><testcase classname="tests.unit.test_schema_util" name="test_avro_schema_namespacing" time="0.001" /><testcase classname="tests.unit.test_schema_util" name="test_avro_schema_to_mce_fields_with_default" time="0.001" /><testcase classname="tests.unit.test_schema_util" name="test_avro_schema_with_recursion" time="0.001" /><testcase classname="tests.unit.test_schema_util" name="test_avro_sample_payment_schema_to_mce_fields_with_nesting" time="0.002" /><testcase classname="tests.unit.test_schema_util" name="test_avro_schema_to_mce_fields_with_nesting_across_records" time="0.001" /><testcase classname="tests.unit.test_schema_util" name="test_simple_record_with_primitive_types" time="0.001" /><testcase classname="tests.unit.test_schema_util" name="test_simple_nested_record_with_a_string_field_for_key_schema" time="0.001" /><testcase classname="tests.unit.test_schema_util" name="test_union_with_nested_record_of_union" time="0.002" /><testcase classname="tests.unit.test_schema_util" name="test_nested_arrays" time="0.002" /><testcase classname="tests.unit.test_schema_util" name="test_map_of_union_of_int_and_record_of_union" time="0.002" /><testcase classname="tests.unit.test_schema_util" name="test_recursive_avro" time="0.001" /><testcase classname="tests.unit.test_schema_util" name="test_needs_disambiguation_nested_union_of_records_with_same_field_name" time="0.002" /><testcase classname="tests.unit.test_schema_util" name="test_mce_avro_parses_okay" time="0.084" /><testcase classname="tests.unit.test_schema_util" name="test_key_schema_handling" time="0.001" /><testcase classname="tests.unit.test_transform_dataset" name="test_simple_dataset_ownership_transformation" time="0.002" /><testcase classname="tests.unit.test_transform_dataset" name="test_simple_dataset_ownership_with_type_transformation" time="0.001" /><testcase classname="tests.unit.test_transform_dataset" name="test_simple_dataset_ownership_with_invalid_type_transformation" time="0.001" /><testcase classname="tests.unit.test_transform_dataset" name="test_simple_remove_dataset_ownership" time="0.001" /><testcase classname="tests.unit.test_transform_dataset" name="test_mark_status_dataset" time="0.001" /><testcase classname="tests.unit.test_transform_dataset" name="test_add_dataset_browse_paths" time="0.001" /><testcase classname="tests.unit.test_transform_dataset" name="test_simple_dataset_tags_transformation" time="0.001" /><testcase classname="tests.unit.test_transform_dataset" name="test_import_resolver" time="0.001" /><testcase classname="tests.unit.test_transform_dataset" name="test_pattern_dataset_ownership_transformation" time="0.002" /><testcase classname="tests.unit.test_transform_dataset" name="test_pattern_dataset_ownership_with_type_transformation" time="0.001" /><testcase classname="tests.unit.test_transform_dataset" name="test_pattern_dataset_ownership_with_invalid_type_transformation" time="0.001" /><testcase classname="tests.unit.test_utilities" name="test_delayed_iter" time="0.001" /><testcase classname="tests.unit.test_utilities" name="test_groupby_unsorted" time="0.001" /><testcase classname="tests.unit.config.test_config_loader" name="test_load[tests/unit/config/basic.yml-golden_config0-env0-None]" time="0.004" /><testcase classname="tests.unit.config.test_config_loader" name="test_load[tests/unit/config/basic.toml-golden_config1-env1-None]" time="0.003" /><testcase classname="tests.unit.config.test_config_loader" name="test_load[tests/unit/config/simple_variable_expansion.yml-golden_config2-env2-None]" time="0.003" /><testcase classname="tests.unit.config.test_config_loader" name="test_load[tests/unit/config/bad_variable_expansion.yml-None-env3-ParameterNullOrNotSet]" time="0.002" /><testcase classname="tests.unit.config.test_config_loader" name="test_load[tests/unit/config/this_file_does_not_exist.yml-None-env4-ConfigurationError]" time="0.002" /><testcase classname="tests.unit.config.test_config_loader" name="test_load[tests/unit/config/bad_extension.whatevenisthis-None-env5-ConfigurationError]" time="0.002" /><testcase classname="tests.unit.sagemaker.test_sagemaker_source" name="test_sagemaker_ingest" time="2.562" /><testcase classname="tests.unit.serde.test_serde" name="test_serde_to_json[tests/unit/serde/test_serde_large.json]" time="0.116" /><testcase classname="tests.unit.serde.test_serde" name="test_serde_to_json[tests/unit/serde/test_serde_chart_snapshot.json]" time="0.052" /><testcase classname="tests.unit.serde.test_serde" name="test_serde_to_json[tests/unit/serde/test_serde_usage.json]" time="0.066" /><testcase classname="tests.unit.serde.test_serde" name="test_serde_to_json[tests/unit/serde/test_serde_profile.json]" time="0.066" /><testcase classname="tests.unit.serde.test_serde" name="test_serde_to_avro[tests/unit/serde/test_serde_large.json]" time="0.086" /><testcase classname="tests.unit.serde.test_serde" name="test_serde_to_avro[tests/unit/serde/test_serde_chart_snapshot.json]" time="0.052" /><testcase classname="tests.unit.serde.test_serde" name="test_check_mce_schema[tests/unit/serde/test_serde_large.json]" time="0.061" /><testcase classname="tests.unit.serde.test_serde" name="test_check_mce_schema[tests/unit/serde/test_serde_backwards_compat.json]" time="0.048" /><testcase classname="tests.unit.serde.test_serde" name="test_check_mce_schema[tests/unit/serde/test_serde_usage.json]" time="0.050" /><testcase classname="tests.unit.serde.test_serde" name="test_check_mce_schema[tests/unit/serde/test_serde_profile.json]" time="0.049" /><testcase classname="tests.unit.serde.test_serde" name="test_check_mce_schema[examples/mce_files/single_mce.json]" time="0.047" /><testcase classname="tests.unit.serde.test_serde" name="test_check_mce_schema[examples/mce_files/mce_list.json]" time="0.049" /><testcase classname="tests.unit.serde.test_serde" name="test_check_mce_schema[examples/mce_files/bootstrap_mce.json]" time="0.109" /><testcase classname="tests.unit.serde.test_serde" name="test_check_mce_schema_failure[tests/unit/serde/test_serde_extra_field.json]" time="0.002" /><testcase classname="tests.unit.serde.test_serde" name="test_check_mce_schema_failure[tests/unit/serde/test_serde_missing_field.json]" time="0.002" /><testcase classname="tests.unit.serde.test_serde" name="test_field_discriminator" time="0.001" /><testcase classname="tests.integration.azure_ad.test_azure_ad" name="test_azure_ad_config" time="0.001" /><testcase classname="tests.integration.azure_ad.test_azure_ad" name="test_azure_ad_source_default_configs" time="0.063" /><testcase classname="tests.integration.azure_ad.test_azure_ad" name="test_azure_source_ingestion_disabled" time="0.049" /><testcase classname="tests.integration.bigquery-usage.test_bigquery_usage" name="test_bq_usage_config" time="0.002" /><testcase classname="tests.integration.bigquery-usage.test_bigquery_usage" name="test_bq_timezone_validation" time="0.002" /><testcase classname="tests.integration.bigquery-usage.test_bigquery_usage" name="test_bq_usage_source" time="0.517" /><testcase classname="tests.integration.looker.test_looker" name="test_looker_ingest" time="0.096" /><testcase classname="tests.integration.looker.test_looker" name="test_looker_ingest_allow_pattern" time="0.096" /><testcase classname="tests.integration.lookml.test_lookml" name="test_lookml_ingest" time="0.236" /><testcase classname="tests.integration.lookml.test_lookml" name="test_lookml_ingest_offline" time="0.251" /><testcase classname="tests.integration.lookml.test_lookml" name="test_lookml_ingest_api_bigquery" time="0.246" /><testcase classname="tests.integration.lookml.test_lookml" name="test_lookml_ingest_api_hive" time="0.250" /><testcase classname="tests.integration.lookml.test_lookml" name="test_lookml_bad_sql_parser" time="0.230" /><testcase classname="tests.integration.lookml.test_lookml" name="test_lookml_github_info" time="0.270" /><testcase classname="tests.integration.okta.test_okta" name="test_okta_config" time="0.001" /><testcase classname="tests.integration.okta.test_okta" name="test_okta_source_default_configs" time="0.067" /><testcase classname="tests.integration.okta.test_okta" name="test_okta_source_ingestion_disabled" time="0.050" /><testcase classname="tests.integration.okta.test_okta" name="test_okta_source_include_deprovisioned_suspended_users" time="0.081" /><testcase classname="tests.integration.okta.test_okta" name="test_okta_source_custom_user_name_regex" time="0.066" /><testcase classname="tests.integration.redshift-usage.test_redshift_usage" name="test_redshift_usage_config" time="0.001" /><testcase classname="tests.integration.redshift-usage.test_redshift_usage" name="test_redshift_usage_source" time="0.056" /></testsuite></testsuites>